c:\users\noe76\downloads\of_v0.12.0_vs_release\of_v0.12.0_vs_release\apps\myapps\emptyexample\obj\x64\debug\build\debug\particlecontactresolver.obj
c:\users\noe76\downloads\of_v0.12.0_vs_release\of_v0.12.0_vs_release\apps\myapps\emptyexample\obj\x64\debug\build\debug\particlegravity.obj
c:\users\noe76\downloads\of_v0.12.0_vs_release\of_v0.12.0_vs_release\apps\myapps\emptyexample\obj\x64\debug\build\debug\collision.obj
c:\users\noe76\downloads\of_v0.12.0_vs_release\of_v0.12.0_vs_release\apps\myapps\emptyexample\obj\x64\debug\build\debug\ground.obj
c:\users\noe76\downloads\of_v0.12.0_vs_release\of_v0.12.0_vs_release\apps\myapps\emptyexample\obj\x64\debug\build\debug\particleforcegenerator.obj
c:\users\noe76\downloads\of_v0.12.0_vs_release\of_v0.12.0_vs_release\apps\myapps\emptyexample\obj\x64\debug\build\debug\integrateur.obj
c:\users\noe76\downloads\of_v0.12.0_vs_release\of_v0.12.0_vs_release\apps\myapps\emptyexample\obj\x64\debug\build\debug\particule.obj
c:\users\noe76\downloads\of_v0.12.0_vs_release\of_v0.12.0_vs_release\apps\myapps\emptyexample\obj\x64\debug\build\debug\particlerod.obj
c:\users\noe76\downloads\of_v0.12.0_vs_release\of_v0.12.0_vs_release\apps\myapps\emptyexample\obj\x64\debug\build\debug\particlecontact.obj
c:\users\noe76\downloads\of_v0.12.0_vs_release\of_v0.12.0_vs_release\apps\myapps\emptyexample\obj\x64\debug\build\debug\particlecable.obj
c:\users\noe76\downloads\of_v0.12.0_vs_release\of_v0.12.0_vs_release\apps\myapps\emptyexample\obj\x64\debug\build\debug\vecteur3d.obj
c:\users\noe76\downloads\of_v0.12.0_vs_release\of_v0.12.0_vs_release\apps\myapps\emptyexample\obj\x64\debug\build\debug\particlecontactgenerator.obj
c:\users\noe76\downloads\of_v0.12.0_vs_release\of_v0.12.0_vs_release\apps\myapps\emptyexample\obj\x64\debug\build\debug\particleforceregistry.obj
c:\users\noe76\downloads\of_v0.12.0_vs_release\of_v0.12.0_vs_release\apps\myapps\emptyexample\obj\x64\debug\build\debug\particlelink.obj
c:\users\noe76\downloads\of_v0.12.0_vs_release\of_v0.12.0_vs_release\apps\myapps\emptyexample\obj\x64\debug\vc143.pdb
c:\users\noe76\downloads\of_v0.12.0_vs_release\of_v0.12.0_vs_release\apps\myapps\emptyexample\obj\addons\ofxgui\src\debug\ofxlabel.obj
c:\users\noe76\downloads\of_v0.12.0_vs_release\of_v0.12.0_vs_release\apps\myapps\emptyexample\obj\addons\ofxgui\src\debug\ofxslidergroup.obj
c:\users\noe76\downloads\of_v0.12.0_vs_release\of_v0.12.0_vs_release\apps\myapps\emptyexample\obj\addons\ofxgui\src\debug\ofxbutton.obj
c:\users\noe76\downloads\of_v0.12.0_vs_release\of_v0.12.0_vs_release\apps\myapps\emptyexample\obj\addons\ofxgui\src\debug\ofxslider.obj
c:\users\noe76\downloads\of_v0.12.0_vs_release\of_v0.12.0_vs_release\apps\myapps\emptyexample\obj\addons\ofxgui\src\debug\ofxtoggle.obj
c:\users\noe76\downloads\of_v0.12.0_vs_release\of_v0.12.0_vs_release\apps\myapps\emptyexample\obj\addons\ofxgui\src\debug\ofxpanel.obj
c:\users\noe76\downloads\of_v0.12.0_vs_release\of_v0.12.0_vs_release\apps\myapps\emptyexample\obj\addons\ofxgui\src\debug\ofxcolorpicker.obj
c:\users\noe76\downloads\of_v0.12.0_vs_release\of_v0.12.0_vs_release\apps\myapps\emptyexample\obj\addons\ofxgui\src\debug\ofxguigroup.obj
c:\users\noe76\downloads\of_v0.12.0_vs_release\of_v0.12.0_vs_release\apps\myapps\emptyexample\obj\addons\ofxgui\src\debug\ofxinputfield.obj
c:\users\noe76\downloads\of_v0.12.0_vs_release\of_v0.12.0_vs_release\apps\myapps\emptyexample\obj\addons\ofxgui\src\debug\ofxbasegui.obj
c:\users\noe76\downloads\of_v0.12.0_vs_release\of_v0.12.0_vs_release\apps\myapps\emptyexample\obj\x64\debug\build\src\debug\ofapp.obj
c:\users\noe76\downloads\of_v0.12.0_vs_release\of_v0.12.0_vs_release\apps\myapps\emptyexample\obj\x64\debug\build\src\debug\main.obj
c:\users\noe76\downloads\of_v0.12.0_vs_release\of_v0.12.0_vs_release\apps\myapps\emptyexample\bin\emptyexample_debug.exe
c:\users\noe76\downloads\of_v0.12.0_vs_release\of_v0.12.0_vs_release\apps\myapps\emptyexample\bin\emptyexample_debug.pdb
c:\users\noe76\downloads\of_v0.12.0_vs_release\of_v0.12.0_vs_release\apps\myapps\emptyexample\obj\x64\debug\icon.res
c:\users\noe76\downloads\of_v0.12.0_vs_release\of_v0.12.0_vs_release\apps\myapps\emptyexample\obj\x64\debug\emptyexample.tlog\cl.command.1.tlog
c:\users\noe76\downloads\of_v0.12.0_vs_release\of_v0.12.0_vs_release\apps\myapps\emptyexample\obj\x64\debug\emptyexample.tlog\cl.items.tlog
c:\users\noe76\downloads\of_v0.12.0_vs_release\of_v0.12.0_vs_release\apps\myapps\emptyexample\obj\x64\debug\emptyexample.tlog\cl.read.1.tlog
c:\users\noe76\downloads\of_v0.12.0_vs_release\of_v0.12.0_vs_release\apps\myapps\emptyexample\obj\x64\debug\emptyexample.tlog\cl.write.1.tlog
c:\users\noe76\downloads\of_v0.12.0_vs_release\of_v0.12.0_vs_release\apps\myapps\emptyexample\obj\x64\debug\emptyexample.tlog\link.command.1.tlog
c:\users\noe76\downloads\of_v0.12.0_vs_release\of_v0.12.0_vs_release\apps\myapps\emptyexample\obj\x64\debug\emptyexample.tlog\link.read.1.tlog
c:\users\noe76\downloads\of_v0.12.0_vs_release\of_v0.12.0_vs_release\apps\myapps\emptyexample\obj\x64\debug\emptyexample.tlog\link.write.1.tlog
c:\users\noe76\downloads\of_v0.12.0_vs_release\of_v0.12.0_vs_release\apps\myapps\emptyexample\obj\x64\debug\emptyexample.tlog\rc.command.1.tlog
c:\users\noe76\downloads\of_v0.12.0_vs_release\of_v0.12.0_vs_release\apps\myapps\emptyexample\obj\x64\debug\emptyexample.tlog\rc.read.1.tlog
c:\users\noe76\downloads\of_v0.12.0_vs_release\of_v0.12.0_vs_release\apps\myapps\emptyexample\obj\x64\debug\emptyexample.tlog\rc.write.1.tlog
