  Collision.cpp
  Ground.cpp
  Integrateur.cpp
  ParticleCable.cpp
  ParticleContact.cpp
  ParticleContactGenerator.cpp
  ParticleContactResolver.cpp
  ParticleDrag.cpp
  ParticleForceGenerator.cpp
  ParticleForceRegistry.cpp
  ParticleGravity.cpp
  ParticleLink.cpp
  ParticleRod.cpp
  ParticleSpring.cpp
  Particule.cpp
  Vecteur3D.cpp
C:\Users\noe76\Downloads\of_v0.12.0_vs_release\of_v0.12.0_vs_release\apps\myApps\emptyExample\Vecteur3D.cpp(102,13): warning C4244: 'return' : conversion de 'double' en 'float', perte possible de données
C:\Users\noe76\Downloads\of_v0.12.0_vs_release\of_v0.12.0_vs_release\apps\myApps\emptyExample\Vecteur3D.cpp(148,37): warning C4244: 'return' : conversion de 'double' en 'float', perte possible de données
C:\Users\noe76\Downloads\of_v0.12.0_vs_release\of_v0.12.0_vs_release\libs\openFrameworks\types\ofColor.h(708,6): warning C4244: '=' : conversion de 'float' en 'PixelType', perte possible de données
          with
          [
              PixelType=unsigned char
          ] (compilation du fichier source ParticleCable.cpp)
C:\Users\noe76\Downloads\of_v0.12.0_vs_release\of_v0.12.0_vs_release\apps\myApps\emptyExample\ParticleCable.cpp(8,20): warning C4244: 'initialisation' : conversion de 'double' en 'float', perte possible de données
C:\Users\noe76\Downloads\of_v0.12.0_vs_release\of_v0.12.0_vs_release\libs\openFrameworks\types\ofColor.h(708,6): warning C4244: '=' : conversion de 'float' en 'PixelType', perte possible de données
          with
          [
              PixelType=unsigned char
          ] (compilation du fichier source ParticleContactResolver.cpp)
C:\Users\noe76\Downloads\of_v0.12.0_vs_release\of_v0.12.0_vs_release\libs\openFrameworks\types\ofColor.h(708,6): warning C4244: '=' : conversion de 'float' en 'PixelType', perte possible de données
          with
          [
              PixelType=unsigned char
          ] (compilation du fichier source ParticleGravity.cpp)
C:\Users\noe76\Downloads\of_v0.12.0_vs_release\of_v0.12.0_vs_release\libs\openFrameworks\types\ofColor.h(708,6): warning C4244: '=' : conversion de 'float' en 'PixelType', perte possible de données
          with
          [
              PixelType=unsigned char
          ] (compilation du fichier source Collision.cpp)
C:\Users\noe76\Downloads\of_v0.12.0_vs_release\of_v0.12.0_vs_release\libs\openFrameworks\types\ofColor.h(708,6): warning C4244: '=' : conversion de 'float' en 'PixelType', perte possible de données
          with
          [
              PixelType=unsigned char
          ] (compilation du fichier source Integrateur.cpp)
C:\Users\noe76\Downloads\of_v0.12.0_vs_release\of_v0.12.0_vs_release\libs\openFrameworks\types\ofColor.h(708,6): warning C4244: '=' : conversion de 'float' en 'PixelType', perte possible de données
          with
          [
              PixelType=unsigned char
          ] (compilation du fichier source Particule.cpp)
C:\Users\noe76\Downloads\of_v0.12.0_vs_release\of_v0.12.0_vs_release\libs\openFrameworks\types\ofColor.h(708,6): warning C4244: '=' : conversion de 'float' en 'PixelType', perte possible de données
          with
          [
              PixelType=unsigned char
          ] (compilation du fichier source ParticleContactGenerator.cpp)
C:\Users\noe76\Downloads\of_v0.12.0_vs_release\of_v0.12.0_vs_release\libs\openFrameworks\types\ofColor.h(708,6): warning C4244: '=' : conversion de 'float' en 'PixelType', perte possible de données
          with
          [
              PixelType=unsigned char
          ] (compilation du fichier source ParticleDrag.cpp)
C:\Users\noe76\Downloads\of_v0.12.0_vs_release\of_v0.12.0_vs_release\apps\myApps\emptyExample\ParticleDrag.h(7,13): warning C4305: 'initialisation' : troncation de 'double' à 'float' (compilation du fichier source ParticleDrag.cpp)
C:\Users\noe76\Downloads\of_v0.12.0_vs_release\of_v0.12.0_vs_release\apps\myApps\emptyExample\ParticleDrag.h(8,13): warning C4305: 'initialisation' : troncation de 'double' à 'float' (compilation du fichier source ParticleDrag.cpp)
C:\Users\noe76\Downloads\of_v0.12.0_vs_release\of_v0.12.0_vs_release\apps\myApps\emptyExample\ParticleDrag.cpp(5,14): warning C4244: 'initialisation' : conversion de 'double' en 'float', perte possible de données
C:\Users\noe76\Downloads\of_v0.12.0_vs_release\of_v0.12.0_vs_release\apps\myApps\emptyExample\ParticleDrag.cpp(6,12): warning C4244: 'initialisation' : conversion de 'double' en 'float', perte possible de données
C:\Users\noe76\Downloads\of_v0.12.0_vs_release\of_v0.12.0_vs_release\libs\openFrameworks\types\ofColor.h(708,6): warning C4244: '=' : conversion de 'float' en 'PixelType', perte possible de données
          with
          [
              PixelType=unsigned char
          ] (compilation du fichier source ParticleForceGenerator.cpp)
C:\Users\noe76\Downloads\of_v0.12.0_vs_release\of_v0.12.0_vs_release\libs\openFrameworks\types\ofColor.h(708,6): warning C4244: '=' : conversion de 'float' en 'PixelType', perte possible de données
          with
          [
              PixelType=unsigned char
          ] (compilation du fichier source ParticleContact.cpp)
C:\Users\noe76\Downloads\of_v0.12.0_vs_release\of_v0.12.0_vs_release\libs\openFrameworks\types\ofColor.h(708,6): warning C4244: '=' : conversion de 'float' en 'PixelType', perte possible de données
          with
          [
              PixelType=unsigned char
          ] (compilation du fichier source ParticleForceRegistry.cpp)
C:\Users\noe76\Downloads\of_v0.12.0_vs_release\of_v0.12.0_vs_release\libs\openFrameworks\types\ofColor.h(708,6): warning C4244: '=' : conversion de 'float' en 'PixelType', perte possible de données
          with
          [
              PixelType=unsigned char
          ] (compilation du fichier source ParticleSpring.cpp)
C:\Users\noe76\Downloads\of_v0.12.0_vs_release\of_v0.12.0_vs_release\apps\myApps\emptyExample\ParticleSpring.cpp(12,29): warning C4244: 'argument' : conversion de 'double' en 'float', perte possible de données
C:\Users\noe76\Downloads\of_v0.12.0_vs_release\of_v0.12.0_vs_release\libs\openFrameworks\types\ofColor.h(708,6): warning C4244: '=' : conversion de 'float' en 'PixelType', perte possible de données
          with
          [
              PixelType=unsigned char
          ] (compilation du fichier source ParticleRod.cpp)
C:\Users\noe76\Downloads\of_v0.12.0_vs_release\of_v0.12.0_vs_release\libs\openFrameworks\types\ofColor.h(708,6): warning C4244: '=' : conversion de 'float' en 'PixelType', perte possible de données
          with
          [
              PixelType=unsigned char
          ] (compilation du fichier source ParticleLink.cpp)
C:\Users\noe76\Downloads\of_v0.12.0_vs_release\of_v0.12.0_vs_release\apps\myApps\emptyExample\ParticleRod.cpp(30,22): warning C4244: 'initialisation' : conversion de 'double' en 'float', perte possible de données
C:\Users\noe76\Downloads\of_v0.12.0_vs_release\of_v0.12.0_vs_release\apps\myApps\emptyExample\ParticleLink.cpp(8,26): warning C4244: 'return' : conversion de 'double' en 'float', perte possible de données
  main.cpp
  ofApp.cpp
C:\Users\noe76\Downloads\of_v0.12.0_vs_release\of_v0.12.0_vs_release\libs\openFrameworks\math\ofMatrix4x4.h(326,20): warning C4267: 'argument' : conversion de 'size_t' en 'int', perte possible de données (compilation du fichier source src\ofApp.cpp)
C:\Users\noe76\Downloads\of_v0.12.0_vs_release\of_v0.12.0_vs_release\libs\openFrameworks\math\ofMatrix4x4.h(331,20): warning C4267: 'argument' : conversion de 'size_t' en 'int', perte possible de données (compilation du fichier source src\ofApp.cpp)
C:\Users\noe76\Downloads\of_v0.12.0_vs_release\of_v0.12.0_vs_release\libs\openFrameworks\math\ofMatrix4x4.h(912,11): warning C4267: 'argument' : conversion de 'size_t' en 'int', perte possible de données (compilation du fichier source src\ofApp.cpp)
C:\Users\noe76\Downloads\of_v0.12.0_vs_release\of_v0.12.0_vs_release\libs\openFrameworks\math\ofMatrix4x4.h(913,11): warning C4267: 'argument' : conversion de 'size_t' en 'int', perte possible de données (compilation du fichier source src\ofApp.cpp)
C:\Users\noe76\Downloads\of_v0.12.0_vs_release\of_v0.12.0_vs_release\libs\openFrameworks\math\ofMatrix4x4.h(914,11): warning C4267: 'argument' : conversion de 'size_t' en 'int', perte possible de données (compilation du fichier source src\ofApp.cpp)
C:\Users\noe76\Downloads\of_v0.12.0_vs_release\of_v0.12.0_vs_release\libs\openFrameworks\math\ofMatrix4x4.h(915,11): warning C4267: 'argument' : conversion de 'size_t' en 'int', perte possible de données (compilation du fichier source src\ofApp.cpp)
C:\Users\noe76\Downloads\of_v0.12.0_vs_release\of_v0.12.0_vs_release\libs\openFrameworks\math\ofMatrix4x4.h(326,20): warning C4267: 'argument' : conversion de 'size_t' en 'int', perte possible de données (compilation du fichier source src\main.cpp)
C:\Users\noe76\Downloads\of_v0.12.0_vs_release\of_v0.12.0_vs_release\libs\openFrameworks\math\ofMatrix4x4.h(331,20): warning C4267: 'argument' : conversion de 'size_t' en 'int', perte possible de données (compilation du fichier source src\main.cpp)
C:\Users\noe76\Downloads\of_v0.12.0_vs_release\of_v0.12.0_vs_release\libs\openFrameworks\math\ofMatrix4x4.h(912,11): warning C4267: 'argument' : conversion de 'size_t' en 'int', perte possible de données (compilation du fichier source src\main.cpp)
C:\Users\noe76\Downloads\of_v0.12.0_vs_release\of_v0.12.0_vs_release\libs\openFrameworks\math\ofMatrix4x4.h(913,11): warning C4267: 'argument' : conversion de 'size_t' en 'int', perte possible de données (compilation du fichier source src\main.cpp)
C:\Users\noe76\Downloads\of_v0.12.0_vs_release\of_v0.12.0_vs_release\libs\openFrameworks\math\ofMatrix4x4.h(914,11): warning C4267: 'argument' : conversion de 'size_t' en 'int', perte possible de données (compilation du fichier source src\main.cpp)
C:\Users\noe76\Downloads\of_v0.12.0_vs_release\of_v0.12.0_vs_release\libs\openFrameworks\math\ofMatrix4x4.h(915,11): warning C4267: 'argument' : conversion de 'size_t' en 'int', perte possible de données (compilation du fichier source src\main.cpp)
  ofxInputField.cpp
  ofxSliderGroup.cpp
  ofxPanel.cpp
  ofxToggle.cpp
  ofxButton.cpp
  ofxGuiGroup.cpp
  ofxColorPicker.cpp
  ofxLabel.cpp
  ofxBaseGui.cpp
  ofxSlider.cpp
C:\Users\noe76\Downloads\of_v0.12.0_vs_release\of_v0.12.0_vs_release\libs\openFrameworks\types\ofColor.h(708,6): warning C4244: '=' : conversion de 'float' en 'PixelType', perte possible de données
          with
          [
              PixelType=unsigned char
          ] (compilation du fichier source ..\..\..\addons\ofxGui\src\ofxColorPicker.cpp)
C:\Users\noe76\Downloads\of_v0.12.0_vs_release\of_v0.12.0_vs_release\libs\openFrameworks\math\ofMatrix4x4.h(326,20): warning C4267: 'argument' : conversion de 'size_t' en 'int', perte possible de données (compilation du fichier source ..\..\..\addons\ofxGui\src\ofxLabel.cpp)
C:\Users\noe76\Downloads\of_v0.12.0_vs_release\of_v0.12.0_vs_release\libs\openFrameworks\math\ofMatrix4x4.h(331,20): warning C4267: 'argument' : conversion de 'size_t' en 'int', perte possible de données (compilation du fichier source ..\..\..\addons\ofxGui\src\ofxLabel.cpp)
C:\Users\noe76\Downloads\of_v0.12.0_vs_release\of_v0.12.0_vs_release\libs\openFrameworks\math\ofMatrix4x4.h(912,11): warning C4267: 'argument' : conversion de 'size_t' en 'int', perte possible de données (compilation du fichier source ..\..\..\addons\ofxGui\src\ofxLabel.cpp)
C:\Users\noe76\Downloads\of_v0.12.0_vs_release\of_v0.12.0_vs_release\libs\openFrameworks\math\ofMatrix4x4.h(913,11): warning C4267: 'argument' : conversion de 'size_t' en 'int', perte possible de données (compilation du fichier source ..\..\..\addons\ofxGui\src\ofxLabel.cpp)
C:\Users\noe76\Downloads\of_v0.12.0_vs_release\of_v0.12.0_vs_release\libs\openFrameworks\math\ofMatrix4x4.h(914,11): warning C4267: 'argument' : conversion de 'size_t' en 'int', perte possible de données (compilation du fichier source ..\..\..\addons\ofxGui\src\ofxLabel.cpp)
C:\Users\noe76\Downloads\of_v0.12.0_vs_release\of_v0.12.0_vs_release\libs\openFrameworks\math\ofMatrix4x4.h(915,11): warning C4267: 'argument' : conversion de 'size_t' en 'int', perte possible de données (compilation du fichier source ..\..\..\addons\ofxGui\src\ofxLabel.cpp)
C:\Users\noe76\Downloads\of_v0.12.0_vs_release\of_v0.12.0_vs_release\libs\openFrameworks\math\ofMatrix4x4.h(326,20): warning C4267: 'argument' : conversion de 'size_t' en 'int', perte possible de données (compilation du fichier source ..\..\..\addons\ofxGui\src\ofxButton.cpp)
C:\Users\noe76\Downloads\of_v0.12.0_vs_release\of_v0.12.0_vs_release\libs\openFrameworks\math\ofMatrix4x4.h(331,20): warning C4267: 'argument' : conversion de 'size_t' en 'int', perte possible de données (compilation du fichier source ..\..\..\addons\ofxGui\src\ofxButton.cpp)
C:\Users\noe76\Downloads\of_v0.12.0_vs_release\of_v0.12.0_vs_release\libs\openFrameworks\math\ofMatrix4x4.h(912,11): warning C4267: 'argument' : conversion de 'size_t' en 'int', perte possible de données (compilation du fichier source ..\..\..\addons\ofxGui\src\ofxButton.cpp)
C:\Users\noe76\Downloads\of_v0.12.0_vs_release\of_v0.12.0_vs_release\libs\openFrameworks\math\ofMatrix4x4.h(913,11): warning C4267: 'argument' : conversion de 'size_t' en 'int', perte possible de données (compilation du fichier source ..\..\..\addons\ofxGui\src\ofxButton.cpp)
C:\Users\noe76\Downloads\of_v0.12.0_vs_release\of_v0.12.0_vs_release\libs\openFrameworks\math\ofMatrix4x4.h(914,11): warning C4267: 'argument' : conversion de 'size_t' en 'int', perte possible de données (compilation du fichier source ..\..\..\addons\ofxGui\src\ofxButton.cpp)
C:\Users\noe76\Downloads\of_v0.12.0_vs_release\of_v0.12.0_vs_release\libs\openFrameworks\math\ofMatrix4x4.h(915,11): warning C4267: 'argument' : conversion de 'size_t' en 'int', perte possible de données (compilation du fichier source ..\..\..\addons\ofxGui\src\ofxButton.cpp)
C:\Users\noe76\Downloads\of_v0.12.0_vs_release\of_v0.12.0_vs_release\libs\openFrameworks\math\ofMatrix4x4.h(326,20): warning C4267: 'argument' : conversion de 'size_t' en 'int', perte possible de données (compilation du fichier source ..\..\..\addons\ofxGui\src\ofxColorPicker.cpp)
C:\Users\noe76\Downloads\of_v0.12.0_vs_release\of_v0.12.0_vs_release\libs\openFrameworks\math\ofMatrix4x4.h(331,20): warning C4267: 'argument' : conversion de 'size_t' en 'int', perte possible de données (compilation du fichier source ..\..\..\addons\ofxGui\src\ofxColorPicker.cpp)
C:\Users\noe76\Downloads\of_v0.12.0_vs_release\of_v0.12.0_vs_release\libs\openFrameworks\math\ofMatrix4x4.h(326,20): warning C4267: 'argument' : conversion de 'size_t' en 'int', perte possible de données (compilation du fichier source ..\..\..\addons\ofxGui\src\ofxSliderGroup.cpp)
C:\Users\noe76\Downloads\of_v0.12.0_vs_release\of_v0.12.0_vs_release\libs\openFrameworks\math\ofMatrix4x4.h(331,20): warning C4267: 'argument' : conversion de 'size_t' en 'int', perte possible de données (compilation du fichier source ..\..\..\addons\ofxGui\src\ofxSliderGroup.cpp)
C:\Users\noe76\Downloads\of_v0.12.0_vs_release\of_v0.12.0_vs_release\libs\openFrameworks\math\ofMatrix4x4.h(912,11): warning C4267: 'argument' : conversion de 'size_t' en 'int', perte possible de données (compilation du fichier source ..\..\..\addons\ofxGui\src\ofxSliderGroup.cpp)
C:\Users\noe76\Downloads\of_v0.12.0_vs_release\of_v0.12.0_vs_release\libs\openFrameworks\math\ofMatrix4x4.h(913,11): warning C4267: 'argument' : conversion de 'size_t' en 'int', perte possible de données (compilation du fichier source ..\..\..\addons\ofxGui\src\ofxSliderGroup.cpp)
C:\Users\noe76\Downloads\of_v0.12.0_vs_release\of_v0.12.0_vs_release\libs\openFrameworks\math\ofMatrix4x4.h(914,11): warning C4267: 'argument' : conversion de 'size_t' en 'int', perte possible de données (compilation du fichier source ..\..\..\addons\ofxGui\src\ofxSliderGroup.cpp)
C:\Users\noe76\Downloads\of_v0.12.0_vs_release\of_v0.12.0_vs_release\libs\openFrameworks\math\ofMatrix4x4.h(915,11): warning C4267: 'argument' : conversion de 'size_t' en 'int', perte possible de données (compilation du fichier source ..\..\..\addons\ofxGui\src\ofxSliderGroup.cpp)
C:\Users\noe76\Downloads\of_v0.12.0_vs_release\of_v0.12.0_vs_release\libs\openFrameworks\math\ofMatrix4x4.h(912,11): warning C4267: 'argument' : conversion de 'size_t' en 'int', perte possible de données (compilation du fichier source ..\..\..\addons\ofxGui\src\ofxColorPicker.cpp)
C:\Users\noe76\Downloads\of_v0.12.0_vs_release\of_v0.12.0_vs_release\libs\openFrameworks\math\ofMatrix4x4.h(913,11): warning C4267: 'argument' : conversion de 'size_t' en 'int', perte possible de données (compilation du fichier source ..\..\..\addons\ofxGui\src\ofxColorPicker.cpp)
C:\Users\noe76\Downloads\of_v0.12.0_vs_release\of_v0.12.0_vs_release\libs\openFrameworks\math\ofMatrix4x4.h(914,11): warning C4267: 'argument' : conversion de 'size_t' en 'int', perte possible de données (compilation du fichier source ..\..\..\addons\ofxGui\src\ofxColorPicker.cpp)
C:\Users\noe76\Downloads\of_v0.12.0_vs_release\of_v0.12.0_vs_release\libs\openFrameworks\math\ofMatrix4x4.h(915,11): warning C4267: 'argument' : conversion de 'size_t' en 'int', perte possible de données (compilation du fichier source ..\..\..\addons\ofxGui\src\ofxColorPicker.cpp)
C:\Users\noe76\Downloads\of_v0.12.0_vs_release\of_v0.12.0_vs_release\libs\openFrameworks\math\ofMatrix4x4.h(326,20): warning C4267: 'argument' : conversion de 'size_t' en 'int', perte possible de données (compilation du fichier source ..\..\..\addons\ofxGui\src\ofxToggle.cpp)
C:\Users\noe76\Downloads\of_v0.12.0_vs_release\of_v0.12.0_vs_release\libs\openFrameworks\math\ofMatrix4x4.h(331,20): warning C4267: 'argument' : conversion de 'size_t' en 'int', perte possible de données (compilation du fichier source ..\..\..\addons\ofxGui\src\ofxToggle.cpp)
C:\Users\noe76\Downloads\of_v0.12.0_vs_release\of_v0.12.0_vs_release\libs\openFrameworks\math\ofMatrix4x4.h(326,20): warning C4267: 'argument' : conversion de 'size_t' en 'int', perte possible de données (compilation du fichier source ..\..\..\addons\ofxGui\src\ofxSlider.cpp)
C:\Users\noe76\Downloads\of_v0.12.0_vs_release\of_v0.12.0_vs_release\libs\openFrameworks\math\ofMatrix4x4.h(331,20): warning C4267: 'argument' : conversion de 'size_t' en 'int', perte possible de données (compilation du fichier source ..\..\..\addons\ofxGui\src\ofxSlider.cpp)
C:\Users\noe76\Downloads\of_v0.12.0_vs_release\of_v0.12.0_vs_release\libs\openFrameworks\math\ofMatrix4x4.h(912,11): warning C4267: 'argument' : conversion de 'size_t' en 'int', perte possible de données (compilation du fichier source ..\..\..\addons\ofxGui\src\ofxToggle.cpp)
C:\Users\noe76\Downloads\of_v0.12.0_vs_release\of_v0.12.0_vs_release\libs\openFrameworks\math\ofMatrix4x4.h(913,11): warning C4267: 'argument' : conversion de 'size_t' en 'int', perte possible de données (compilation du fichier source ..\..\..\addons\ofxGui\src\ofxToggle.cpp)
C:\Users\noe76\Downloads\of_v0.12.0_vs_release\of_v0.12.0_vs_release\libs\openFrameworks\math\ofMatrix4x4.h(914,11): warning C4267: 'argument' : conversion de 'size_t' en 'int', perte possible de données (compilation du fichier source ..\..\..\addons\ofxGui\src\ofxToggle.cpp)
C:\Users\noe76\Downloads\of_v0.12.0_vs_release\of_v0.12.0_vs_release\libs\openFrameworks\math\ofMatrix4x4.h(915,11): warning C4267: 'argument' : conversion de 'size_t' en 'int', perte possible de données (compilation du fichier source ..\..\..\addons\ofxGui\src\ofxToggle.cpp)
C:\Users\noe76\Downloads\of_v0.12.0_vs_release\of_v0.12.0_vs_release\libs\openFrameworks\math\ofMatrix4x4.h(912,11): warning C4267: 'argument' : conversion de 'size_t' en 'int', perte possible de données (compilation du fichier source ..\..\..\addons\ofxGui\src\ofxSlider.cpp)
C:\Users\noe76\Downloads\of_v0.12.0_vs_release\of_v0.12.0_vs_release\libs\openFrameworks\math\ofMatrix4x4.h(913,11): warning C4267: 'argument' : conversion de 'size_t' en 'int', perte possible de données (compilation du fichier source ..\..\..\addons\ofxGui\src\ofxSlider.cpp)
C:\Users\noe76\Downloads\of_v0.12.0_vs_release\of_v0.12.0_vs_release\libs\openFrameworks\math\ofMatrix4x4.h(914,11): warning C4267: 'argument' : conversion de 'size_t' en 'int', perte possible de données (compilation du fichier source ..\..\..\addons\ofxGui\src\ofxSlider.cpp)
C:\Users\noe76\Downloads\of_v0.12.0_vs_release\of_v0.12.0_vs_release\libs\openFrameworks\math\ofMatrix4x4.h(915,11): warning C4267: 'argument' : conversion de 'size_t' en 'int', perte possible de données (compilation du fichier source ..\..\..\addons\ofxGui\src\ofxSlider.cpp)
C:\Users\noe76\Downloads\of_v0.12.0_vs_release\of_v0.12.0_vs_release\libs\openFrameworks\math\ofMatrix4x4.h(326,20): warning C4267: 'argument' : conversion de 'size_t' en 'int', perte possible de données (compilation du fichier source ..\..\..\addons\ofxGui\src\ofxBaseGui.cpp)
C:\Users\noe76\Downloads\of_v0.12.0_vs_release\of_v0.12.0_vs_release\libs\openFrameworks\math\ofMatrix4x4.h(331,20): warning C4267: 'argument' : conversion de 'size_t' en 'int', perte possible de données (compilation du fichier source ..\..\..\addons\ofxGui\src\ofxBaseGui.cpp)
C:\Users\noe76\Downloads\of_v0.12.0_vs_release\of_v0.12.0_vs_release\libs\openFrameworks\math\ofMatrix4x4.h(912,11): warning C4267: 'argument' : conversion de 'size_t' en 'int', perte possible de données (compilation du fichier source ..\..\..\addons\ofxGui\src\ofxBaseGui.cpp)
C:\Users\noe76\Downloads\of_v0.12.0_vs_release\of_v0.12.0_vs_release\libs\openFrameworks\math\ofMatrix4x4.h(913,11): warning C4267: 'argument' : conversion de 'size_t' en 'int', perte possible de données (compilation du fichier source ..\..\..\addons\ofxGui\src\ofxBaseGui.cpp)
C:\Users\noe76\Downloads\of_v0.12.0_vs_release\of_v0.12.0_vs_release\libs\openFrameworks\math\ofMatrix4x4.h(914,11): warning C4267: 'argument' : conversion de 'size_t' en 'int', perte possible de données (compilation du fichier source ..\..\..\addons\ofxGui\src\ofxBaseGui.cpp)
C:\Users\noe76\Downloads\of_v0.12.0_vs_release\of_v0.12.0_vs_release\libs\openFrameworks\math\ofMatrix4x4.h(915,11): warning C4267: 'argument' : conversion de 'size_t' en 'int', perte possible de données (compilation du fichier source ..\..\..\addons\ofxGui\src\ofxBaseGui.cpp)
C:\Users\noe76\Downloads\of_v0.12.0_vs_release\of_v0.12.0_vs_release\libs\openFrameworks\math\ofMatrix4x4.h(326,20): warning C4267: 'argument' : conversion de 'size_t' en 'int', perte possible de données (compilation du fichier source ..\..\..\addons\ofxGui\src\ofxInputField.cpp)
C:\Users\noe76\Downloads\of_v0.12.0_vs_release\of_v0.12.0_vs_release\libs\openFrameworks\math\ofMatrix4x4.h(331,20): warning C4267: 'argument' : conversion de 'size_t' en 'int', perte possible de données (compilation du fichier source ..\..\..\addons\ofxGui\src\ofxInputField.cpp)
C:\Users\noe76\Downloads\of_v0.12.0_vs_release\of_v0.12.0_vs_release\libs\openFrameworks\math\ofMatrix4x4.h(326,20): warning C4267: 'argument' : conversion de 'size_t' en 'int', perte possible de données (compilation du fichier source ..\..\..\addons\ofxGui\src\ofxGuiGroup.cpp)
C:\Users\noe76\Downloads\of_v0.12.0_vs_release\of_v0.12.0_vs_release\libs\openFrameworks\math\ofMatrix4x4.h(331,20): warning C4267: 'argument' : conversion de 'size_t' en 'int', perte possible de données (compilation du fichier source ..\..\..\addons\ofxGui\src\ofxGuiGroup.cpp)
C:\Users\noe76\Downloads\of_v0.12.0_vs_release\of_v0.12.0_vs_release\libs\openFrameworks\math\ofMatrix4x4.h(912,11): warning C4267: 'argument' : conversion de 'size_t' en 'int', perte possible de données (compilation du fichier source ..\..\..\addons\ofxGui\src\ofxInputField.cpp)
C:\Users\noe76\Downloads\of_v0.12.0_vs_release\of_v0.12.0_vs_release\libs\openFrameworks\math\ofMatrix4x4.h(913,11): warning C4267: 'argument' : conversion de 'size_t' en 'int', perte possible de données (compilation du fichier source ..\..\..\addons\ofxGui\src\ofxInputField.cpp)
C:\Users\noe76\Downloads\of_v0.12.0_vs_release\of_v0.12.0_vs_release\libs\openFrameworks\math\ofMatrix4x4.h(914,11): warning C4267: 'argument' : conversion de 'size_t' en 'int', perte possible de données (compilation du fichier source ..\..\..\addons\ofxGui\src\ofxInputField.cpp)
C:\Users\noe76\Downloads\of_v0.12.0_vs_release\of_v0.12.0_vs_release\libs\openFrameworks\math\ofMatrix4x4.h(915,11): warning C4267: 'argument' : conversion de 'size_t' en 'int', perte possible de données (compilation du fichier source ..\..\..\addons\ofxGui\src\ofxInputField.cpp)
C:\Users\noe76\Downloads\of_v0.12.0_vs_release\of_v0.12.0_vs_release\libs\openFrameworks\math\ofMatrix4x4.h(912,11): warning C4267: 'argument' : conversion de 'size_t' en 'int', perte possible de données (compilation du fichier source ..\..\..\addons\ofxGui\src\ofxGuiGroup.cpp)
C:\Users\noe76\Downloads\of_v0.12.0_vs_release\of_v0.12.0_vs_release\libs\openFrameworks\math\ofMatrix4x4.h(913,11): warning C4267: 'argument' : conversion de 'size_t' en 'int', perte possible de données (compilation du fichier source ..\..\..\addons\ofxGui\src\ofxGuiGroup.cpp)
C:\Users\noe76\Downloads\of_v0.12.0_vs_release\of_v0.12.0_vs_release\libs\openFrameworks\math\ofMatrix4x4.h(914,11): warning C4267: 'argument' : conversion de 'size_t' en 'int', perte possible de données (compilation du fichier source ..\..\..\addons\ofxGui\src\ofxGuiGroup.cpp)
C:\Users\noe76\Downloads\of_v0.12.0_vs_release\of_v0.12.0_vs_release\libs\openFrameworks\math\ofMatrix4x4.h(915,11): warning C4267: 'argument' : conversion de 'size_t' en 'int', perte possible de données (compilation du fichier source ..\..\..\addons\ofxGui\src\ofxGuiGroup.cpp)
C:\Users\noe76\Downloads\of_v0.12.0_vs_release\of_v0.12.0_vs_release\libs\openFrameworks\math\ofMatrix4x4.h(326,20): warning C4267: 'argument' : conversion de 'size_t' en 'int', perte possible de données (compilation du fichier source ..\..\..\addons\ofxGui\src\ofxPanel.cpp)
C:\Users\noe76\Downloads\of_v0.12.0_vs_release\of_v0.12.0_vs_release\libs\openFrameworks\math\ofMatrix4x4.h(331,20): warning C4267: 'argument' : conversion de 'size_t' en 'int', perte possible de données (compilation du fichier source ..\..\..\addons\ofxGui\src\ofxPanel.cpp)
C:\Users\noe76\Downloads\of_v0.12.0_vs_release\of_v0.12.0_vs_release\libs\openFrameworks\math\ofMatrix4x4.h(912,11): warning C4267: 'argument' : conversion de 'size_t' en 'int', perte possible de données (compilation du fichier source ..\..\..\addons\ofxGui\src\ofxPanel.cpp)
C:\Users\noe76\Downloads\of_v0.12.0_vs_release\of_v0.12.0_vs_release\libs\openFrameworks\math\ofMatrix4x4.h(913,11): warning C4267: 'argument' : conversion de 'size_t' en 'int', perte possible de données (compilation du fichier source ..\..\..\addons\ofxGui\src\ofxPanel.cpp)
C:\Users\noe76\Downloads\of_v0.12.0_vs_release\of_v0.12.0_vs_release\libs\openFrameworks\math\ofMatrix4x4.h(914,11): warning C4267: 'argument' : conversion de 'size_t' en 'int', perte possible de données (compilation du fichier source ..\..\..\addons\ofxGui\src\ofxPanel.cpp)
C:\Users\noe76\Downloads\of_v0.12.0_vs_release\of_v0.12.0_vs_release\libs\openFrameworks\math\ofMatrix4x4.h(915,11): warning C4267: 'argument' : conversion de 'size_t' en 'int', perte possible de données (compilation du fichier source ..\..\..\addons\ofxGui\src\ofxPanel.cpp)
C:\Users\noe76\Downloads\of_v0.12.0_vs_release\of_v0.12.0_vs_release\libs\openFrameworks\types\ofColor.h(27,10): warning C4244: 'initialisation' : conversion de 'float' en 'PixelType', perte possible de données
          with
          [
              PixelType=unsigned char
          ] (compilation du fichier source ..\..\..\addons\ofxGui\src\ofxColorPicker.cpp)
C:\Users\noe76\Downloads\of_v0.12.0_vs_release\of_v0.12.0_vs_release\libs\openFrameworks\types\ofColor.h(26,5): message : pendant la compilation de la fonction membre classe modèle 'ofColor_<unsigned char>::ofColor_(void)' (compilation du fichier source ..\..\..\addons\ofxGui\src\ofxColorPicker.cpp)
C:\Users\noe76\Downloads\of_v0.12.0_vs_release\of_v0.12.0_vs_release\libs\openFrameworks\graphics\ofGraphicsBaseTypes.h(54,10): message : voir la première référence à « ofColor_<unsigned char>::ofColor_ » dans « ofStyle::ofStyle » (compilation du fichier source ..\..\..\addons\ofxGui\src\ofxColorPicker.cpp)
C:\Users\noe76\Downloads\of_v0.12.0_vs_release\of_v0.12.0_vs_release\libs\openFrameworks\types\ofColor.h(691,1): message : voir la référence à l'instanciation classe modèle 'ofColor_<unsigned char>' en cours de compilation (compilation du fichier source ..\..\..\addons\ofxGui\src\ofxColorPicker.cpp)
C:\Users\noe76\Downloads\of_v0.12.0_vs_release\of_v0.12.0_vs_release\libs\openFrameworks\types\ofColor.h(28,10): warning C4244: 'initialisation' : conversion de 'float' en 'PixelType', perte possible de données
          with
          [
              PixelType=unsigned char
          ] (compilation du fichier source ..\..\..\addons\ofxGui\src\ofxColorPicker.cpp)
C:\Users\noe76\Downloads\of_v0.12.0_vs_release\of_v0.12.0_vs_release\libs\openFrameworks\types\ofColor.h(29,10): warning C4244: 'initialisation' : conversion de 'float' en 'PixelType', perte possible de données
          with
          [
              PixelType=unsigned char
          ] (compilation du fichier source ..\..\..\addons\ofxGui\src\ofxColorPicker.cpp)
C:\Users\noe76\Downloads\of_v0.12.0_vs_release\of_v0.12.0_vs_release\libs\openFrameworks\types\ofColor.h(30,10): warning C4244: 'initialisation' : conversion de 'float' en 'PixelType', perte possible de données
          with
          [
              PixelType=unsigned char
          ] (compilation du fichier source ..\..\..\addons\ofxGui\src\ofxColorPicker.cpp)
C:\Users\noe76\Downloads\of_v0.12.0_vs_release\of_v0.12.0_vs_release\addons\ofxGui\src\ofxColorPicker.cpp(215,44): warning C4267: 'argument' : conversion de 'size_t' en 'int', perte possible de données
C:\Users\noe76\Downloads\of_v0.12.0_vs_release\of_v0.12.0_vs_release\addons\ofxGui\src\ofxColorPicker.cpp(194,51): message : pendant la compilation de la fonction membre classe modèle 'ofMesh ofxColorPicker_<unsigned char>::getColorPoint(void)'
C:\Users\noe76\Downloads\of_v0.12.0_vs_release\of_v0.12.0_vs_release\addons\ofxGui\src\ofxColorPicker.cpp(486,17): message : voir la première référence à « ofxColorPicker_<unsigned char>::getColorPoint » dans « ofxColorPicker_<unsigned char>::generateDraw »
C:\Users\noe76\Downloads\of_v0.12.0_vs_release\of_v0.12.0_vs_release\addons\ofxGui\src\ofxColorPicker.cpp(491,46): message : voir la référence à l'instanciation classe modèle 'ofxColorPicker_<unsigned char>' en cours de compilation
C:\Users\noe76\Downloads\of_v0.12.0_vs_release\of_v0.12.0_vs_release\addons\ofxGui\src\ofxColorPicker.cpp(216,44): warning C4267: 'argument' : conversion de 'size_t' en 'int', perte possible de données
C:\Users\noe76\Downloads\of_v0.12.0_vs_release\of_v0.12.0_vs_release\addons\ofxGui\src\ofxColorPicker.cpp(225,44): warning C4267: 'argument' : conversion de 'size_t' en 'int', perte possible de données
C:\Users\noe76\Downloads\of_v0.12.0_vs_release\of_v0.12.0_vs_release\addons\ofxGui\src\ofxColorPicker.cpp(226,44): warning C4267: 'argument' : conversion de 'size_t' en 'int', perte possible de données
C:\Users\noe76\Downloads\of_v0.12.0_vs_release\of_v0.12.0_vs_release\addons\ofxGui\src\ofxColorPicker.cpp(245,44): warning C4267: 'argument' : conversion de 'size_t' en 'int', perte possible de données
C:\Users\noe76\Downloads\of_v0.12.0_vs_release\of_v0.12.0_vs_release\addons\ofxGui\src\ofxColorPicker.cpp(236,52): message : pendant la compilation de la fonction membre classe modèle 'ofMesh ofxColorPicker_<unsigned char>::getColorWheel(void)'
C:\Users\noe76\Downloads\of_v0.12.0_vs_release\of_v0.12.0_vs_release\addons\ofxGui\src\ofxColorPicker.cpp(485,17): message : voir la première référence à « ofxColorPicker_<unsigned char>::getColorWheel » dans « ofxColorPicker_<unsigned char>::generateDraw »
C:\Users\noe76\Downloads\of_v0.12.0_vs_release\of_v0.12.0_vs_release\addons\ofxGui\src\ofxColorPicker.cpp(246,44): warning C4267: 'argument' : conversion de 'size_t' en 'int', perte possible de données
C:\Users\noe76\Downloads\of_v0.12.0_vs_release\of_v0.12.0_vs_release\libs\openFrameworks\graphics\ofPolyline.inl(409,69): warning C4267: '=' : conversion de 'size_t' en 'int', perte possible de données (compilation du fichier source ..\..\..\addons\ofxGui\src\ofxColorPicker.cpp)
C:\Users\noe76\Downloads\of_v0.12.0_vs_release\of_v0.12.0_vs_release\libs\openFrameworks\graphics\ofPolyline.inl(331,145): message : pendant la compilation de la fonction membre classe modèle 'void ofPolyline_<ofDefaultVertexType>::arc(const T &,float,float,float,float,bool,int)'
          with
          [
              T=ofDefaultVertexType
          ] (compilation du fichier source ..\..\..\addons\ofxGui\src\ofxColorPicker.cpp)
C:\Users\noe76\Downloads\of_v0.12.0_vs_release\of_v0.12.0_vs_release\addons\ofxGui\src\ofxColorPicker.cpp(194,51): message : pendant la compilation de la fonction membre classe modèle 'ofMesh ofxColorPicker_<unsigned char>::getColorPoint(void)'
C:\Users\noe76\Downloads\of_v0.12.0_vs_release\of_v0.12.0_vs_release\addons\ofxGui\src\ofxColorPicker.cpp(486,17): message : voir la première référence à « ofxColorPicker_<unsigned char>::getColorPoint » dans « ofxColorPicker_<unsigned char>::generateDraw »
C:\Users\noe76\Downloads\of_v0.12.0_vs_release\of_v0.12.0_vs_release\addons\ofxGui\src\ofxInputField.cpp(369,43): warning C4267: 'argument' : conversion de 'size_t' en 'int', perte possible de données
C:\Users\noe76\Downloads\of_v0.12.0_vs_release\of_v0.12.0_vs_release\addons\ofxGui\src\ofxInputField.cpp(351,65): message : pendant la compilation de la fonction membre classe modèle 'bool ofxInputField<float>::mousePressed(ofMouseEventArgs &)'
C:\Users\noe76\Downloads\of_v0.12.0_vs_release\of_v0.12.0_vs_release\addons\ofxGui\src\ofxInputField.cpp(804,36): message : voir la référence à l'instanciation classe modèle 'ofxInputField<float>' en cours de compilation
C:\Users\noe76\Downloads\of_v0.12.0_vs_release\of_v0.12.0_vs_release\addons\ofxGui\src\ofxInputField.cpp(530,42): warning C4267: 'argument' : conversion de 'size_t' en 'int', perte possible de données
C:\Users\noe76\Downloads\of_v0.12.0_vs_release\of_v0.12.0_vs_release\addons\ofxGui\src\ofxInputField.cpp(471,60): message : pendant la compilation de la fonction membre classe modèle 'bool ofxInputField<float>::keyPressed(ofKeyEventArgs &)'
C:\Users\noe76\Downloads\of_v0.12.0_vs_release\of_v0.12.0_vs_release\addons\ofxGui\src\ofxInputField.cpp(557,44): warning C4267: 'argument' : conversion de 'size_t' en 'int', perte possible de données
C:\Users\noe76\Downloads\of_v0.12.0_vs_release\of_v0.12.0_vs_release\addons\ofxGui\src\ofxInputField.cpp(559,16): warning C4267: 'argument' : conversion de 'size_t' en 'int', perte possible de données
C:\Users\noe76\Downloads\of_v0.12.0_vs_release\of_v0.12.0_vs_release\addons\ofxGui\src\ofxInputField.cpp(775,26): warning C4267: 'argument' : conversion de 'size_t' en 'int', perte possible de données
C:\Users\noe76\Downloads\of_v0.12.0_vs_release\of_v0.12.0_vs_release\addons\ofxGui\src\ofxInputField.cpp(772,53): message : pendant la compilation de la fonction membre classe modèle 'void ofxInputField<float>::valueChanged(Type &)'
          with
          [
              Type=float
          ]
C:\Users\noe76\Downloads\of_v0.12.0_vs_release\of_v0.12.0_vs_release\addons\ofxGui\src\ofxInputField.cpp(147,16): message : voir la première référence à « ofxInputField<float>::valueChanged » dans « ofxInputField<float>::setup »
C:\Users\noe76\Downloads\of_v0.12.0_vs_release\of_v0.12.0_vs_release\addons\ofxGui\src\ofxInputField.cpp(129,7): message : voir la première référence à « ofxInputField<float>::setup » dans « ofxInputField<float>::ofxInputField »
C:\Users\noe76\Downloads\of_v0.12.0_vs_release\of_v0.12.0_vs_release\libs\openFrameworks\types\ofColor.h(27,10): warning C4244: 'initialisation' : conversion de 'float' en 'PixelType', perte possible de données
          with
          [
              PixelType=unsigned short
          ] (compilation du fichier source ..\..\..\addons\ofxGui\src\ofxColorPicker.cpp)
C:\Users\noe76\Downloads\of_v0.12.0_vs_release\of_v0.12.0_vs_release\libs\openFrameworks\types\ofColor.h(26,5): message : pendant la compilation de la fonction membre classe modèle 'ofColor_<unsigned short>::ofColor_(void)' (compilation du fichier source ..\..\..\addons\ofxGui\src\ofxColorPicker.cpp)
C:\Users\noe76\Downloads\of_v0.12.0_vs_release\of_v0.12.0_vs_release\addons\ofxGui\src\ofxColorPicker.cpp(59,22): message : voir la première référence à « ofColor_<unsigned short>::ofColor_ » dans « `anonymous-namespace'::getCircularColor »
C:\Users\noe76\Downloads\of_v0.12.0_vs_release\of_v0.12.0_vs_release\libs\openFrameworks\types\ofColor.h(722,47): message : voir la référence à l'instanciation classe modèle 'ofColor_<unsigned short>' en cours de compilation (compilation du fichier source ..\..\..\addons\ofxGui\src\ofxColorPicker.cpp)
C:\Users\noe76\Downloads\of_v0.12.0_vs_release\of_v0.12.0_vs_release\libs\openFrameworks\types\ofColor.h(28,10): warning C4244: 'initialisation' : conversion de 'float' en 'PixelType', perte possible de données
          with
          [
              PixelType=unsigned short
          ] (compilation du fichier source ..\..\..\addons\ofxGui\src\ofxColorPicker.cpp)
C:\Users\noe76\Downloads\of_v0.12.0_vs_release\of_v0.12.0_vs_release\libs\openFrameworks\types\ofColor.h(29,10): warning C4244: 'initialisation' : conversion de 'float' en 'PixelType', perte possible de données
          with
          [
              PixelType=unsigned short
          ] (compilation du fichier source ..\..\..\addons\ofxGui\src\ofxColorPicker.cpp)
C:\Users\noe76\Downloads\of_v0.12.0_vs_release\of_v0.12.0_vs_release\libs\openFrameworks\types\ofColor.h(30,10): warning C4244: 'initialisation' : conversion de 'float' en 'PixelType', perte possible de données
          with
          [
              PixelType=unsigned short
          ] (compilation du fichier source ..\..\..\addons\ofxGui\src\ofxColorPicker.cpp)
C:\Users\noe76\Downloads\of_v0.12.0_vs_release\of_v0.12.0_vs_release\addons\ofxGui\src\ofxSliderGroup.cpp(25,41): warning C4267: 'argument' : conversion de 'size_t' en 'glm::vec<3,float,glm::packed_highp>::length_type', perte possible de données
C:\Users\noe76\Downloads\of_v0.12.0_vs_release\of_v0.12.0_vs_release\addons\ofxGui\src\ofxSliderGroup.cpp(10,110): message : pendant la compilation de la fonction membre classe modèle 'ofxVecSlider_<ofDefaultVec3> *ofxVecSlider_<ofDefaultVec3>::setup(ofParameter<ofDefaultVec3>,float,float)'
C:\Users\noe76\Downloads\of_v0.12.0_vs_release\of_v0.12.0_vs_release\addons\ofxGui\src\ofxSliderGroup.cpp(6,10): message : voir la première référence à « ofxVecSlider_<ofDefaultVec3>::setup » dans « ofxVecSlider_<ofDefaultVec3>::ofxVecSlider_ »
C:\Users\noe76\Downloads\of_v0.12.0_vs_release\of_v0.12.0_vs_release\addons\ofxGui\src\ofxSliderGroup.cpp(68,1): message : voir la référence à l'instanciation classe modèle 'ofxVecSlider_<ofDefaultVec3>' en cours de compilation
C:\Users\noe76\Downloads\of_v0.12.0_vs_release\of_v0.12.0_vs_release\addons\ofxGui\src\ofxSliderGroup.cpp(25,49): warning C4267: 'argument' : conversion de 'size_t' en 'glm::vec<3,float,glm::packed_highp>::length_type', perte possible de données
C:\Users\noe76\Downloads\of_v0.12.0_vs_release\of_v0.12.0_vs_release\addons\ofxGui\src\ofxSliderGroup.cpp(25,57): warning C4267: 'argument' : conversion de 'size_t' en 'glm::vec<3,float,glm::packed_highp>::length_type', perte possible de données
C:\Users\noe76\Downloads\of_v0.12.0_vs_release\of_v0.12.0_vs_release\addons\ofxGui\src\ofxSliderGroup.cpp(58,54): warning C4267: 'argument' : conversion de 'size_t' en 'glm::vec<3,float,glm::packed_highp>::length_type', perte possible de données
C:\Users\noe76\Downloads\of_v0.12.0_vs_release\of_v0.12.0_vs_release\addons\ofxGui\src\ofxSliderGroup.cpp(53,58): message : pendant la compilation de la fonction membre classe modèle 'void ofxVecSlider_<ofDefaultVec3>::changeValue(VecType &)'
          with
          [
              VecType=ofDefaultVec3
          ]
C:\Users\noe76\Downloads\of_v0.12.0_vs_release\of_v0.12.0_vs_release\addons\ofxGui\src\ofxSliderGroup.cpp(18,16): message : voir la première référence à « ofxVecSlider_<ofDefaultVec3>::changeValue » dans « ofxVecSlider_<ofDefaultVec3>::setup »
C:\Users\noe76\Downloads\of_v0.12.0_vs_release\of_v0.12.0_vs_release\addons\ofxGui\src\ofxSliderGroup.cpp(6,10): message : voir la première référence à « ofxVecSlider_<ofDefaultVec3>::setup » dans « ofxVecSlider_<ofDefaultVec3>::ofxVecSlider_ »
C:\Users\noe76\Downloads\of_v0.12.0_vs_release\of_v0.12.0_vs_release\addons\ofxGui\src\ofxSliderGroup.cpp(25,41): warning C4267: 'argument' : conversion de 'size_t' en 'glm::vec<2,float,glm::packed_highp>::length_type', perte possible de données
C:\Users\noe76\Downloads\of_v0.12.0_vs_release\of_v0.12.0_vs_release\addons\ofxGui\src\ofxSliderGroup.cpp(10,110): message : pendant la compilation de la fonction membre classe modèle 'ofxVecSlider_<ofDefaultVec2> *ofxVecSlider_<ofDefaultVec2>::setup(ofParameter<ofDefaultVec2>,float,float)'
C:\Users\noe76\Downloads\of_v0.12.0_vs_release\of_v0.12.0_vs_release\addons\ofxGui\src\ofxSliderGroup.cpp(6,10): message : voir la première référence à « ofxVecSlider_<ofDefaultVec2>::setup » dans « ofxVecSlider_<ofDefaultVec2>::ofxVecSlider_ »
C:\Users\noe76\Downloads\of_v0.12.0_vs_release\of_v0.12.0_vs_release\addons\ofxGui\src\ofxSliderGroup.cpp(63,1): message : voir la référence à l'instanciation classe modèle 'ofxVecSlider_<ofDefaultVec2>' en cours de compilation
C:\Users\noe76\Downloads\of_v0.12.0_vs_release\of_v0.12.0_vs_release\addons\ofxGui\src\ofxSliderGroup.cpp(25,49): warning C4267: 'argument' : conversion de 'size_t' en 'glm::vec<2,float,glm::packed_highp>::length_type', perte possible de données
C:\Users\noe76\Downloads\of_v0.12.0_vs_release\of_v0.12.0_vs_release\addons\ofxGui\src\ofxSliderGroup.cpp(25,57): warning C4267: 'argument' : conversion de 'size_t' en 'glm::vec<2,float,glm::packed_highp>::length_type', perte possible de données
C:\Users\noe76\Downloads\of_v0.12.0_vs_release\of_v0.12.0_vs_release\addons\ofxGui\src\ofxSliderGroup.cpp(58,54): warning C4267: 'argument' : conversion de 'size_t' en 'glm::vec<2,float,glm::packed_highp>::length_type', perte possible de données
C:\Users\noe76\Downloads\of_v0.12.0_vs_release\of_v0.12.0_vs_release\addons\ofxGui\src\ofxSliderGroup.cpp(53,58): message : pendant la compilation de la fonction membre classe modèle 'void ofxVecSlider_<ofDefaultVec2>::changeValue(VecType &)'
          with
          [
              VecType=ofDefaultVec2
          ]
C:\Users\noe76\Downloads\of_v0.12.0_vs_release\of_v0.12.0_vs_release\addons\ofxGui\src\ofxSliderGroup.cpp(18,16): message : voir la première référence à « ofxVecSlider_<ofDefaultVec2>::changeValue » dans « ofxVecSlider_<ofDefaultVec2>::setup »
C:\Users\noe76\Downloads\of_v0.12.0_vs_release\of_v0.12.0_vs_release\addons\ofxGui\src\ofxSliderGroup.cpp(6,10): message : voir la première référence à « ofxVecSlider_<ofDefaultVec2>::setup » dans « ofxVecSlider_<ofDefaultVec2>::ofxVecSlider_ »
C:\Users\noe76\Downloads\of_v0.12.0_vs_release\of_v0.12.0_vs_release\addons\ofxGui\src\ofxSliderGroup.cpp(25,41): warning C4267: 'argument' : conversion de 'size_t' en 'glm::vec<4,float,glm::packed_highp>::length_type', perte possible de données
C:\Users\noe76\Downloads\of_v0.12.0_vs_release\of_v0.12.0_vs_release\addons\ofxGui\src\ofxSliderGroup.cpp(10,110): message : pendant la compilation de la fonction membre classe modèle 'ofxVecSlider_<ofDefaultVec4> *ofxVecSlider_<ofDefaultVec4>::setup(ofParameter<ofDefaultVec4>,float,float)'
C:\Users\noe76\Downloads\of_v0.12.0_vs_release\of_v0.12.0_vs_release\addons\ofxGui\src\ofxSliderGroup.cpp(6,10): message : voir la première référence à « ofxVecSlider_<ofDefaultVec4>::setup » dans « ofxVecSlider_<ofDefaultVec4>::ofxVecSlider_ »
C:\Users\noe76\Downloads\of_v0.12.0_vs_release\of_v0.12.0_vs_release\addons\ofxGui\src\ofxSliderGroup.cpp(73,1): message : voir la référence à l'instanciation classe modèle 'ofxVecSlider_<ofDefaultVec4>' en cours de compilation
C:\Users\noe76\Downloads\of_v0.12.0_vs_release\of_v0.12.0_vs_release\addons\ofxGui\src\ofxSliderGroup.cpp(25,49): warning C4267: 'argument' : conversion de 'size_t' en 'glm::vec<4,float,glm::packed_highp>::length_type', perte possible de données
C:\Users\noe76\Downloads\of_v0.12.0_vs_release\of_v0.12.0_vs_release\addons\ofxGui\src\ofxSliderGroup.cpp(25,57): warning C4267: 'argument' : conversion de 'size_t' en 'glm::vec<4,float,glm::packed_highp>::length_type', perte possible de données
C:\Users\noe76\Downloads\of_v0.12.0_vs_release\of_v0.12.0_vs_release\addons\ofxGui\src\ofxSliderGroup.cpp(58,54): warning C4267: 'argument' : conversion de 'size_t' en 'glm::vec<4,float,glm::packed_highp>::length_type', perte possible de données
C:\Users\noe76\Downloads\of_v0.12.0_vs_release\of_v0.12.0_vs_release\addons\ofxGui\src\ofxSliderGroup.cpp(53,58): message : pendant la compilation de la fonction membre classe modèle 'void ofxVecSlider_<ofDefaultVec4>::changeValue(VecType &)'
          with
          [
              VecType=ofDefaultVec4
          ]
C:\Users\noe76\Downloads\of_v0.12.0_vs_release\of_v0.12.0_vs_release\addons\ofxGui\src\ofxSliderGroup.cpp(18,16): message : voir la première référence à « ofxVecSlider_<ofDefaultVec4>::changeValue » dans « ofxVecSlider_<ofDefaultVec4>::setup »
C:\Users\noe76\Downloads\of_v0.12.0_vs_release\of_v0.12.0_vs_release\addons\ofxGui\src\ofxSliderGroup.cpp(6,10): message : voir la première référence à « ofxVecSlider_<ofDefaultVec4>::setup » dans « ofxVecSlider_<ofDefaultVec4>::ofxVecSlider_ »
C:\Users\noe76\Downloads\of_v0.12.0_vs_release\of_v0.12.0_vs_release\addons\ofxGui\src\ofxSliderGroup.cpp(25,41): warning C4267: 'argument' : conversion de 'size_t' en 'int', perte possible de données
C:\Users\noe76\Downloads\of_v0.12.0_vs_release\of_v0.12.0_vs_release\addons\ofxGui\src\ofxSliderGroup.cpp(10,110): message : pendant la compilation de la fonction membre classe modèle 'ofxVecSlider_<ofVec2f> *ofxVecSlider_<ofVec2f>::setup(ofParameter<ofVec2f>,float,float)'
C:\Users\noe76\Downloads\of_v0.12.0_vs_release\of_v0.12.0_vs_release\addons\ofxGui\src\ofxSliderGroup.cpp(6,10): message : voir la première référence à « ofxVecSlider_<ofVec2f>::setup » dans « ofxVecSlider_<ofVec2f>::ofxVecSlider_ »
C:\Users\noe76\Downloads\of_v0.12.0_vs_release\of_v0.12.0_vs_release\addons\ofxGui\src\ofxSliderGroup.cpp(78,1): message : voir la référence à l'instanciation classe modèle 'ofxVecSlider_<ofVec2f>' en cours de compilation
C:\Users\noe76\Downloads\of_v0.12.0_vs_release\of_v0.12.0_vs_release\addons\ofxGui\src\ofxSliderGroup.cpp(25,49): warning C4267: 'argument' : conversion de 'size_t' en 'int', perte possible de données
C:\Users\noe76\Downloads\of_v0.12.0_vs_release\of_v0.12.0_vs_release\addons\ofxGui\src\ofxSliderGroup.cpp(25,57): warning C4267: 'argument' : conversion de 'size_t' en 'int', perte possible de données
C:\Users\noe76\Downloads\of_v0.12.0_vs_release\of_v0.12.0_vs_release\addons\ofxGui\src\ofxSliderGroup.cpp(58,54): warning C4267: 'argument' : conversion de 'size_t' en 'int', perte possible de données
C:\Users\noe76\Downloads\of_v0.12.0_vs_release\of_v0.12.0_vs_release\addons\ofxGui\src\ofxSliderGroup.cpp(53,58): message : pendant la compilation de la fonction membre classe modèle 'void ofxVecSlider_<ofVec2f>::changeValue(VecType &)'
          with
          [
              VecType=ofVec2f
          ]
C:\Users\noe76\Downloads\of_v0.12.0_vs_release\of_v0.12.0_vs_release\addons\ofxGui\src\ofxSliderGroup.cpp(18,16): message : voir la première référence à « ofxVecSlider_<ofVec2f>::changeValue » dans « ofxVecSlider_<ofVec2f>::setup »
C:\Users\noe76\Downloads\of_v0.12.0_vs_release\of_v0.12.0_vs_release\addons\ofxGui\src\ofxSliderGroup.cpp(6,10): message : voir la première référence à « ofxVecSlider_<ofVec2f>::setup » dans « ofxVecSlider_<ofVec2f>::ofxVecSlider_ »
C:\Users\noe76\Downloads\of_v0.12.0_vs_release\of_v0.12.0_vs_release\libs\openFrameworks\types\ofColor.h(552,14): warning C4244: '=' : conversion de 'int' en 'PixelType', perte possible de données
          with
          [
              PixelType=float
          ] (compilation du fichier source ..\..\..\addons\ofxGui\src\ofxColorPicker.cpp)
C:\Users\noe76\Downloads\of_v0.12.0_vs_release\of_v0.12.0_vs_release\libs\openFrameworks\types\ofColor.h(548,23): message : pendant la compilation de la fonction membre classe modèle 'std::istream &operator >>(std::istream &,ofColor_<float> &)' (compilation du fichier source ..\..\..\addons\ofxGui\src\ofxColorPicker.cpp)
C:\Users\noe76\Downloads\of_v0.12.0_vs_release\of_v0.12.0_vs_release\libs\openFrameworks\utils\ofUtils.h(746,5): message : voir la première référence à « operator >> » dans « ofFromString » (compilation du fichier source ..\..\..\addons\ofxGui\src\ofxColorPicker.cpp)
C:\Users\noe76\Downloads\of_v0.12.0_vs_release\of_v0.12.0_vs_release\libs\openFrameworks\types\ofColor.h(686,1): message : voir la référence à l'instanciation classe modèle 'ofColor_<float>' en cours de compilation (compilation du fichier source ..\..\..\addons\ofxGui\src\ofxColorPicker.cpp)
C:\Users\noe76\Downloads\of_v0.12.0_vs_release\of_v0.12.0_vs_release\libs\openFrameworks\types\ofColor.h(555,14): warning C4244: '=' : conversion de 'int' en 'PixelType', perte possible de données
          with
          [
              PixelType=float
          ] (compilation du fichier source ..\..\..\addons\ofxGui\src\ofxColorPicker.cpp)
C:\Users\noe76\Downloads\of_v0.12.0_vs_release\of_v0.12.0_vs_release\libs\openFrameworks\types\ofColor.h(558,14): warning C4244: '=' : conversion de 'int' en 'PixelType', perte possible de données
          with
          [
              PixelType=float
          ] (compilation du fichier source ..\..\..\addons\ofxGui\src\ofxColorPicker.cpp)
C:\Users\noe76\Downloads\of_v0.12.0_vs_release\of_v0.12.0_vs_release\libs\openFrameworks\types\ofColor.h(561,14): warning C4244: '=' : conversion de 'int' en 'PixelType', perte possible de données
          with
          [
              PixelType=float
          ] (compilation du fichier source ..\..\..\addons\ofxGui\src\ofxColorPicker.cpp)
LINK : warning LNK4075: ' /INCREMENTAL' ignoré à cause de la spécification '/FORCE'
  emptyExample.vcxproj -> C:\Users\noe76\Downloads\of_v0.12.0_vs_release\of_v0.12.0_vs_release\apps\myApps\emptyExample\bin\emptyExample_debug.exe
  
  	                   2	C:\Users\noe76\Downloads\of_v0.12.0_vs_release\of_v0.12.0_vs_release\libs\fmod\lib\vs\x64\
  	  *Fichier SUPPL.		 6942208	C:\Users\noe76\Downloads\of_v0.12.0_vs_release\of_v0.12.0_vs_release\apps\myApps\emptyExample\bin\FreeImage.dll
  
  	                   1	C:\Users\noe76\Downloads\of_v0.12.0_vs_release\of_v0.12.0_vs_release\libs\FreeImage\lib\vs\x64\
  	  *Fichier SUPPL.		 1826304	C:\Users\noe76\Downloads\of_v0.12.0_vs_release\of_v0.12.0_vs_release\apps\myApps\emptyExample\bin\fmod.dll
  	  *Fichier SUPPL.		 2041856	C:\Users\noe76\Downloads\of_v0.12.0_vs_release\of_v0.12.0_vs_release\apps\myApps\emptyExample\bin\fmodL.dll
